#
# There is insufficient memory for the Java Runtime Environment to continue.
# Native memory allocation (mmap) failed to map 716177408 bytes for committing reserved memory.
# Possible reasons:
#   The system is out of physical RAM or swap space
#   In 32 bit mode, the process size limit was hit
# Possible solutions:
#   Reduce memory load on the system
#   Increase physical memory or swap space
#   Check if swap backing store is full
#   Use 64 bit Java on a 64 bit OS
#   Decrease Java heap size (-Xmx/-Xms)
#   Decrease number of Java threads
#   Decrease Java thread stack sizes (-Xss)
#   Set larger code cache with -XX:ReservedCodeCacheSize=
# This output file may be truncated or incomplete.
#
#  Out of Memory Error (os_linux.cpp:2640), pid=26008, tid=0x00007fca8aeb9700
#
# JRE version:  (8.0_131-b11) (build )
# Java VM: Java HotSpot(TM) 64-Bit Server VM (25.131-b11 mixed mode linux-amd64 compressed oops)
# Failed to write core dump. Core dumps have been disabled. To enable core dumping, try "ulimit -c unlimited" before starting Java again
#

---------------  T H R E A D  ---------------

Current thread (0x00007fca84009800):  JavaThread "Unknown thread" [_thread_in_vm, id=26009, stack(0x00007fca8adb9000,0x00007fca8aeba000)]

Stack: [0x00007fca8adb9000,0x00007fca8aeba000],  sp=0x00007fca8aeb83c0,  free space=1020k
Native frames: (J=compiled Java code, j=interpreted, Vv=VM code, C=native code)
V  [libjvm.so+0xac826a]  VMError::report_and_die()+0x2ba
V  [libjvm.so+0x4fd4cb]  report_vm_out_of_memory(char const*, int, unsigned long, VMErrorType, char const*)+0x8b
V  [libjvm.so+0x924f53]  os::Linux::commit_memory_impl(char*, unsigned long, bool)+0x103
V  [libjvm.so+0x9254a9]  os::pd_commit_memory(char*, unsigned long, unsigned long, bool)+0x29
V  [libjvm.so+0x91f6ca]  os::commit_memory(char*, unsigned long, unsigned long, bool)+0x2a
V  [libjvm.so+0x9941e3]  PSVirtualSpace::expand_by(unsigned long)+0x53
V  [libjvm.so+0x9842f7]  PSOldGen::initialize(ReservedSpace, unsigned long, char const*, int)+0xb7
V  [libjvm.so+0x2d8cea]  AdjoiningGenerations::AdjoiningGenerations(ReservedSpace, GenerationSizer*, unsigned long)+0x39a
V  [libjvm.so+0x9485c6]  ParallelScavengeHeap::initialize()+0x1d6
V  [libjvm.so+0xa902e3]  Universe::initialize_heap()+0xf3
V  [libjvm.so+0xa9084e]  universe_init()+0x3e
V  [libjvm.so+0x63e3e5]  init_globals()+0x65
V  [libjvm.so+0xa73f3e]  Threads::create_vm(JavaVMInitArgs*, bool*)+0x23e
V  [libjvm.so+0x6d2ce4]  JNI_CreateJavaVM+0x74
C  [libjli.so+0x745e]  JavaMain+0x9e
C  [libpthread.so.0+0x76ba]  start_thread+0xca


---------------  P R O C E S S  ---------------

Java Threads: ( => current thread )

Other Threads:

=>0x00007fca84009800 (exited) JavaThread "Unknown thread" [_thread_in_vm, id=26009, stack(0x00007fca8adb9000,0x00007fca8aeba000)]

VM state:not at safepoint (not fully initialized)

VM Mutex/Monitor currently owned by a thread: None

GC Heap History (0 events):
No events

Deoptimization events (0 events):
No events

Internal exceptions (0 events):
No events

Events (0 events):
No events


Dynamic libraries:
00400000-00401000 r-xp 00000000 08:06 142892                             /usr/lib/jvm/java-8-oracle/jre/bin/java
00600000-00601000 rw-p 00000000 08:06 142892                             /usr/lib/jvm/java-8-oracle/jre/bin/java
02508000-02529000 rw-p 00000000 00:00 0                                  [heap]
eab00000-100000000 rw-p 00000000 00:00 0 
7fca7b84d000-7fca7b9e4000 rw-p 00000000 00:00 0 
7fca7b9e4000-7fca7bb39000 ---p 00000000 00:00 0 
7fca7bb39000-7fca7bbef000 rw-p 00000000 00:00 0 
7fca7bbef000-7fca7bde5000 ---p 00000000 00:00 0 
7fca7bde5000-7fca7c055000 rwxp 00000000 00:00 0 
7fca7c055000-7fca83de5000 ---p 00000000 00:00 0 
7fca83de5000-7fca83dff000 r-xp 00000000 08:06 142297                     /usr/lib/jvm/java-8-oracle/jre/lib/amd64/libzip.so
7fca83dff000-7fca83fff000 ---p 0001a000 08:06 142297                     /usr/lib/jvm/java-8-oracle/jre/lib/amd64/libzip.so
7fca83fff000-7fca84000000 rw-p 0001a000 08:06 142297                     /usr/lib/jvm/java-8-oracle/jre/lib/amd64/libzip.so
7fca84000000-7fca84034000 rw-p 00000000 00:00 0 
7fca84034000-7fca88000000 ---p 00000000 00:00 0 
7fca88050000-7fca88140000 rw-p 00000000 00:00 0 
7fca88140000-7fca8814b000 r-xp 00000000 08:06 264442                     /lib/x86_64-linux-gnu/libnss_files-2.23.so
7fca8814b000-7fca8834a000 ---p 0000b000 08:06 264442                     /lib/x86_64-linux-gnu/libnss_files-2.23.so
7fca8834a000-7fca8834b000 r--p 0000a000 08:06 264442                     /lib/x86_64-linux-gnu/libnss_files-2.23.so
7fca8834b000-7fca8834c000 rw-p 0000b000 08:06 264442                     /lib/x86_64-linux-gnu/libnss_files-2.23.so
7fca8834c000-7fca88352000 rw-p 00000000 00:00 0 
7fca88352000-7fca8835d000 r-xp 00000000 08:06 264445                     /lib/x86_64-linux-gnu/libnss_nis-2.23.so
7fca8835d000-7fca8855c000 ---p 0000b000 08:06 264445                     /lib/x86_64-linux-gnu/libnss_nis-2.23.so
7fca8855c000-7fca8855d000 r--p 0000a000 08:06 264445                     /lib/x86_64-linux-gnu/libnss_nis-2.23.so
7fca8855d000-7fca8855e000 rw-p 0000b000 08:06 264445                     /lib/x86_64-linux-gnu/libnss_nis-2.23.so
7fca8855e000-7fca88574000 r-xp 00000000 08:06 264355                     /lib/x86_64-linux-gnu/libnsl-2.23.so
7fca88574000-7fca88773000 ---p 00016000 08:06 264355                     /lib/x86_64-linux-gnu/libnsl-2.23.so
7fca88773000-7fca88774000 r--p 00015000 08:06 264355                     /lib/x86_64-linux-gnu/libnsl-2.23.so
7fca88774000-7fca88775000 rw-p 00016000 08:06 264355                     /lib/x86_64-linux-gnu/libnsl-2.23.so
7fca88775000-7fca88777000 rw-p 00000000 00:00 0 
7fca88777000-7fca8877f000 r-xp 00000000 08:06 264451                     /lib/x86_64-linux-gnu/libnss_compat-2.23.so
7fca8877f000-7fca8897e000 ---p 00008000 08:06 264451                     /lib/x86_64-linux-gnu/libnss_compat-2.23.so
7fca8897e000-7fca8897f000 r--p 00007000 08:06 264451                     /lib/x86_64-linux-gnu/libnss_compat-2.23.so
7fca8897f000-7fca88980000 rw-p 00008000 08:06 264451                     /lib/x86_64-linux-gnu/libnss_compat-2.23.so
7fca88980000-7fca889ab000 r-xp 00000000 08:06 142286                     /usr/lib/jvm/java-8-oracle/jre/lib/amd64/libjava.so
7fca889ab000-7fca88baa000 ---p 0002b000 08:06 142286                     /usr/lib/jvm/java-8-oracle/jre/lib/amd64/libjava.so
7fca88baa000-7fca88bac000 rw-p 0002a000 08:06 142286                     /usr/lib/jvm/java-8-oracle/jre/lib/amd64/libjava.so
7fca88bac000-7fca88bb9000 r-xp 00000000 08:06 142363                     /usr/lib/jvm/java-8-oracle/jre/lib/amd64/libverify.so
7fca88bb9000-7fca88db8000 ---p 0000d000 08:06 142363                     /usr/lib/jvm/java-8-oracle/jre/lib/amd64/libverify.so
7fca88db8000-7fca88dba000 rw-p 0000c000 08:06 142363                     /usr/lib/jvm/java-8-oracle/jre/lib/amd64/libverify.so
7fca88dba000-7fca88dc1000 r-xp 00000000 08:06 264447                     /lib/x86_64-linux-gnu/librt-2.23.so
7fca88dc1000-7fca88fc0000 ---p 00007000 08:06 264447                     /lib/x86_64-linux-gnu/librt-2.23.so
7fca88fc0000-7fca88fc1000 r--p 00006000 08:06 264447                     /lib/x86_64-linux-gnu/librt-2.23.so
7fca88fc1000-7fca88fc2000 rw-p 00007000 08:06 264447                     /lib/x86_64-linux-gnu/librt-2.23.so
7fca88fc2000-7fca890ca000 r-xp 00000000 08:06 264456                     /lib/x86_64-linux-gnu/libm-2.23.so
7fca890ca000-7fca892c9000 ---p 00108000 08:06 264456                     /lib/x86_64-linux-gnu/libm-2.23.so
7fca892c9000-7fca892ca000 r--p 00107000 08:06 264456                     /lib/x86_64-linux-gnu/libm-2.23.so
7fca892ca000-7fca892cb000 rw-p 00108000 08:06 264456                     /lib/x86_64-linux-gnu/libm-2.23.so
7fca892cb000-7fca89f9a000 r-xp 00000000 08:06 142337                     /usr/lib/jvm/java-8-oracle/jre/lib/amd64/server/libjvm.so
7fca89f9a000-7fca8a19a000 ---p 00ccf000 08:06 142337                     /usr/lib/jvm/java-8-oracle/jre/lib/amd64/server/libjvm.so
7fca8a19a000-7fca8a273000 rw-p 00ccf000 08:06 142337                     /usr/lib/jvm/java-8-oracle/jre/lib/amd64/server/libjvm.so
7fca8a273000-7fca8a2be000 rw-p 00000000 00:00 0 
7fca8a2be000-7fca8a47e000 r-xp 00000000 08:06 264461                     /lib/x86_64-linux-gnu/libc-2.23.so
7fca8a47e000-7fca8a67e000 ---p 001c0000 08:06 264461                     /lib/x86_64-linux-gnu/libc-2.23.so
7fca8a67e000-7fca8a682000 r--p 001c0000 08:06 264461                     /lib/x86_64-linux-gnu/libc-2.23.so
7fca8a682000-7fca8a684000 rw-p 001c4000 08:06 264461                     /lib/x86_64-linux-gnu/libc-2.23.so
7fca8a684000-7fca8a688000 rw-p 00000000 00:00 0 
7fca8a688000-7fca8a68b000 r-xp 00000000 08:06 264450                     /lib/x86_64-linux-gnu/libdl-2.23.so
7fca8a68b000-7fca8a88a000 ---p 00003000 08:06 264450                     /lib/x86_64-linux-gnu/libdl-2.23.so
7fca8a88a000-7fca8a88b000 r--p 00002000 08:06 264450                     /lib/x86_64-linux-gnu/libdl-2.23.so
7fca8a88b000-7fca8a88c000 rw-p 00003000 08:06 264450                     /lib/x86_64-linux-gnu/libdl-2.23.so
7fca8a88c000-7fca8a8a1000 r-xp 00000000 08:06 142307                     /usr/lib/jvm/java-8-oracle/jre/lib/amd64/jli/libjli.so
7fca8a8a1000-7fca8aaa1000 ---p 00015000 08:06 142307                     /usr/lib/jvm/java-8-oracle/jre/lib/amd64/jli/libjli.so
7fca8aaa1000-7fca8aaa2000 rw-p 00015000 08:06 142307                     /usr/lib/jvm/java-8-oracle/jre/lib/amd64/jli/libjli.so
7fca8aaa2000-7fca8aaba000 r-xp 00000000 08:06 264444                     /lib/x86_64-linux-gnu/libpthread-2.23.so
7fca8aaba000-7fca8acb9000 ---p 00018000 08:06 264444                     /lib/x86_64-linux-gnu/libpthread-2.23.so
7fca8acb9000-7fca8acba000 r--p 00017000 08:06 264444                     /lib/x86_64-linux-gnu/libpthread-2.23.so
7fca8acba000-7fca8acbb000 rw-p 00018000 08:06 264444                     /lib/x86_64-linux-gnu/libpthread-2.23.so
7fca8acbb000-7fca8acbf000 rw-p 00000000 00:00 0 
7fca8acbf000-7fca8ace5000 r-xp 00000000 08:06 264421                     /lib/x86_64-linux-gnu/ld-2.23.so
7fca8adb9000-7fca8adbc000 ---p 00000000 00:00 0 
7fca8adbc000-7fca8aebe000 rw-p 00000000 00:00 0 
7fca8aed8000-7fca8aee0000 rw-s 00000000 08:06 548335                     /tmp/hsperfdata_richy/26008
7fca8aee0000-7fca8aee1000 rw-p 00000000 00:00 0 
7fca8aee1000-7fca8aee2000 r--p 00000000 00:00 0 
7fca8aee2000-7fca8aee4000 rw-p 00000000 00:00 0 
7fca8aee4000-7fca8aee5000 r--p 00025000 08:06 264421                     /lib/x86_64-linux-gnu/ld-2.23.so
7fca8aee5000-7fca8aee6000 rw-p 00026000 08:06 264421                     /lib/x86_64-linux-gnu/ld-2.23.so
7fca8aee6000-7fca8aee7000 rw-p 00000000 00:00 0 
7ffdccc6c000-7ffdccc8d000 rw-p 00000000 00:00 0                          [stack]
7ffdcccaf000-7ffdcccb1000 r--p 00000000 00:00 0                          [vvar]
7ffdcccb1000-7ffdcccb3000 r-xp 00000000 00:00 0                          [vdso]
ffffffffff600000-ffffffffff601000 r-xp 00000000 00:00 0                  [vsyscall]

VM Arguments:
jvm_args: -Xms1024m -Xmx1024m -XX:ReservedCodeCacheSize=128m 
java_command: /usr/share/sbt-launcher-packaging/bin/sbt-launch.jar test
java_class_path (initial): /usr/share/sbt-launcher-packaging/bin/sbt-launch.jar
Launcher Type: SUN_STANDARD

Environment Variables:
JAVA_HOME=/usr/lib/jvm/java-8-oracle
PATH=/usr/local/sbin:/usr/local/bin:/usr/sbin:/usr/bin:/sbin:/bin:/usr/games:/usr/local/games:/snap/bin:/usr/lib/jvm/java-8-oracle/bin:/usr/lib/jvm/java-8-oracle/db/bin:/usr/lib/jvm/java-8-oracle/jre/bin:/home/richy/play-2.3.0/activator-1.2.2-minimal/:/home/richy/scala-2.11.1//bin
SHELL=/bin/bash
DISPLAY=:0

Signal Handlers:
SIGSEGV: [libjvm.so+0xac8af0], sa_mask[0]=11111111011111111101111111111110, sa_flags=SA_RESTART|SA_SIGINFO
SIGBUS: [libjvm.so+0xac8af0], sa_mask[0]=11111111011111111101111111111110, sa_flags=SA_RESTART|SA_SIGINFO
SIGFPE: [libjvm.so+0x921dd0], sa_mask[0]=11111111011111111101111111111110, sa_flags=SA_RESTART|SA_SIGINFO
SIGPIPE: [libjvm.so+0x921dd0], sa_mask[0]=11111111011111111101111111111110, sa_flags=SA_RESTART|SA_SIGINFO
SIGXFSZ: [libjvm.so+0x921dd0], sa_mask[0]=11111111011111111101111111111110, sa_flags=SA_RESTART|SA_SIGINFO
SIGILL: [libjvm.so+0x921dd0], sa_mask[0]=11111111011111111101111111111110, sa_flags=SA_RESTART|SA_SIGINFO
SIGUSR1: SIG_DFL, sa_mask[0]=00000000000000000000000000000000, sa_flags=none
SIGUSR2: [libjvm.so+0x923610], sa_mask[0]=00000000000000000000000000000000, sa_flags=SA_RESTART|SA_SIGINFO
SIGHUP: SIG_DFL, sa_mask[0]=00000000000000000000000000000000, sa_flags=none
SIGINT: SIG_DFL, sa_mask[0]=00000000000000000000000000000000, sa_flags=none
SIGTERM: SIG_DFL, sa_mask[0]=00000000000000000000000000000000, sa_flags=none
SIGQUIT: SIG_DFL, sa_mask[0]=00000000000000000000000000000000, sa_flags=none


---------------  S Y S T E M  ---------------

OS:DISTRIB_ID=Ubuntu
DISTRIB_RELEASE=16.04
DISTRIB_CODENAME=xenial
DISTRIB_DESCRIPTION="Ubuntu 16.04.2 LTS"

uname:Linux 4.4.0-83-generic #106-Ubuntu SMP Mon Jun 26 17:54:43 UTC 2017 x86_64
libc:glibc 2.23 NPTL 2.23 
rlimit: STACK 8192k, CORE 0k, NPROC 38416, NOFILE 65536, AS infinity
load average:3.66 2.53 1.63

/proc/meminfo:
MemTotal:       10113260 kB
MemFree:          133148 kB
MemAvailable:     166164 kB
Buffers:           25080 kB
Cached:           651804 kB
SwapCached:        27268 kB
Active:          4807256 kB
Inactive:        1219568 kB
Active(anon):    4671876 kB
Inactive(anon):  1129228 kB
Active(file):     135380 kB
Inactive(file):    90340 kB
Unevictable:         100 kB
Mlocked:             100 kB
SwapTotal:      10063868 kB
SwapFree:         199568 kB
Dirty:              1044 kB
Writeback:             0 kB
AnonPages:       5324480 kB
Mapped:          3831928 kB
Shmem:            451156 kB
Slab:             156492 kB
SReclaimable:      69412 kB
SUnreclaim:        87080 kB
KernelStack:       27280 kB
PageTables:        94292 kB
NFS_Unstable:          0 kB
Bounce:                0 kB
WritebackTmp:          0 kB
CommitLimit:    15120496 kB
Committed_AS:   26289860 kB
VmallocTotal:   34359738367 kB
VmallocUsed:           0 kB
VmallocChunk:          0 kB
HardwareCorrupted:     0 kB
AnonHugePages:    956416 kB
CmaTotal:              0 kB
CmaFree:               0 kB
HugePages_Total:       0
HugePages_Free:        0
HugePages_Rsvd:        0
HugePages_Surp:        0
Hugepagesize:       2048 kB
DirectMap4k:      122168 kB
DirectMap2M:     6043648 kB
DirectMap1G:     5242880 kB


CPU:total 4 (initial active 4) (2 cores per cpu, 2 threads per core) family 6 model 69 stepping 1, cmov, cx8, fxsr, mmx, sse, sse2, sse3, ssse3, sse4.1, sse4.2, popcnt, avx, avx2, aes, clmul, erms, rtm, lzcnt, ht, tsc, tscinvbit, bmi1, bmi2

/proc/cpuinfo:
processor	: 0
vendor_id	: GenuineIntel
cpu family	: 6
model		: 69
model name	: Intel(R) Core(TM) i7-4600U CPU @ 2.10GHz
stepping	: 1
microcode	: 0x16
cpu MHz		: 2284.453
cache size	: 4096 KB
physical id	: 0
siblings	: 4
core id		: 0
cpu cores	: 2
apicid		: 0
initial apicid	: 0
fpu		: yes
fpu_exception	: yes
cpuid level	: 13
wp		: yes
flags		: fpu vme de pse tsc msr pae mce cx8 apic sep mtrr pge mca cmov pat pse36 clflush dts acpi mmx fxsr sse sse2 ss ht tm pbe syscall nx pdpe1gb rdtscp lm constant_tsc arch_perfmon pebs bts rep_good nopl xtopology nonstop_tsc aperfmperf eagerfpu pni pclmulqdq dtes64 monitor ds_cpl vmx smx est tm2 ssse3 sdbg fma cx16 xtpr pdcm pcid sse4_1 sse4_2 x2apic movbe popcnt tsc_deadline_timer aes xsave avx f16c rdrand lahf_lm abm epb tpr_shadow vnmi flexpriority ept vpid fsgsbase tsc_adjust bmi1 hle avx2 smep bmi2 erms invpcid rtm xsaveopt dtherm ida arat pln pts
bugs		:
bogomips	: 5387.31
clflush size	: 64
cache_alignment	: 64
address sizes	: 39 bits physical, 48 bits virtual
power management:

processor	: 1
vendor_id	: GenuineIntel
cpu family	: 6
model		: 69
model name	: Intel(R) Core(TM) i7-4600U CPU @ 2.10GHz
stepping	: 1
microcode	: 0x16
cpu MHz		: 2624.589
cache size	: 4096 KB
physical id	: 0
siblings	: 4
core id		: 0
cpu cores	: 2
apicid		: 1
initial apicid	: 1
fpu		: yes
fpu_exception	: yes
cpuid level	: 13
wp		: yes
flags		: fpu vme de pse tsc msr pae mce cx8 apic sep mtrr pge mca cmov pat pse36 clflush dts acpi mmx fxsr sse sse2 ss ht tm pbe syscall nx pdpe1gb rdtscp lm constant_tsc arch_perfmon pebs bts rep_good nopl xtopology nonstop_tsc aperfmperf eagerfpu pni pclmulqdq dtes64 monitor ds_cpl vmx smx est tm2 ssse3 sdbg fma cx16 xtpr pdcm pcid sse4_1 sse4_2 x2apic movbe popcnt tsc_deadline_timer aes xsave avx f16c rdrand lahf_lm abm epb tpr_shadow vnmi flexpriority ept vpid fsgsbase tsc_adjust bmi1 hle avx2 smep bmi2 erms invpcid rtm xsaveopt dtherm ida arat pln pts
bugs		:
bogomips	: 5387.31
clflush size	: 64
cache_alignment	: 64
address sizes	: 39 bits physical, 48 bits virtual
power management:

processor	: 2
vendor_id	: GenuineIntel
cpu family	: 6
model		: 69
model name	: Intel(R) Core(TM) i7-4600U CPU @ 2.10GHz
stepping	: 1
microcode	: 0x16
cpu MHz		: 2283.082
cache size	: 4096 KB
physical id	: 0
siblings	: 4
core id		: 1
cpu cores	: 2
apicid		: 2
initial apicid	: 2
fpu		: yes
fpu_exception	: yes
cpuid level	: 13
wp		: yes
flags		: fpu vme de pse tsc msr pae mce cx8 apic sep mtrr pge mca cmov pat pse36 clflush dts acpi mmx fxsr sse sse2 ss ht tm pbe syscall nx pdpe1gb rdtscp lm constant_tsc arch_perfmon pebs bts rep_good nopl xtopology nonstop_tsc aperfmperf eagerfpu pni pclmulqdq dtes64 monitor ds_cpl vmx smx est tm2 ssse3 sdbg fma cx16 xtpr pdcm pcid sse4_1 sse4_2 x2apic movbe popcnt tsc_deadline_timer aes xsave avx f16c rdrand lahf_lm abm epb tpr_shadow vnmi flexpriority ept vpid fsgsbase tsc_adjust bmi1 hle avx2 smep bmi2 erms invpcid rtm xsaveopt dtherm ida arat pln pts
bugs		:
bogomips	: 5387.31
clflush size	: 64
cache_alignment	: 64
address sizes	: 39 bits physical, 48 bits virtual
power management:

processor	: 3
vendor_id	: GenuineIntel
cpu family	: 6
model		: 69
model name	: Intel(R) Core(TM) i7-4600U CPU @ 2.10GHz
stepping	: 1
microcode	: 0x16
cpu MHz		: 2723.203
cache size	: 4096 KB
physical id	: 0
siblings	: 4
core id		: 1
cpu cores	: 2
apicid		: 3
initial apicid	: 3
fpu		: yes
fpu_exception	: yes
cpuid level	: 13
wp		: yes
flags		: fpu vme de pse tsc msr pae mce cx8 apic sep mtrr pge mca cmov pat pse36 clflush dts acpi mmx fxsr sse sse2 ss ht tm pbe syscall nx pdpe1gb rdtscp lm constant_tsc arch_perfmon pebs bts rep_good nopl xtopology nonstop_tsc aperfmperf eagerfpu pni pclmulqdq dtes64 monitor ds_cpl vmx smx est tm2 ssse3 sdbg fma cx16 xtpr pdcm pcid sse4_1 sse4_2 x2apic movbe popcnt tsc_deadline_timer aes xsave avx f16c rdrand lahf_lm abm epb tpr_shadow vnmi flexpriority ept vpid fsgsbase tsc_adjust bmi1 hle avx2 smep bmi2 erms invpcid rtm xsaveopt dtherm ida arat pln pts
bugs		:
bogomips	: 5387.31
clflush size	: 64
cache_alignment	: 64
address sizes	: 39 bits physical, 48 bits virtual
power management:



Memory: 4k page, physical 10113260k(133148k free), swap 10063868k(199568k free)

vm_info: Java HotSpot(TM) 64-Bit Server VM (25.131-b11) for linux-amd64 JRE (1.8.0_131-b11), built on Mar 15 2017 01:23:40 by "java_re" with gcc 4.3.0 20080428 (Red Hat 4.3.0-8)

time: Thu Dec 21 13:50:54 2017
elapsed time: 0 seconds (0d 0h 0m 0s)

